<?xml version="1.0" encoding="UTF-8"?>
<testng-results skipped="0" failed="1" ignored="0" total="2" passed="1">
  <reporter-output>
  </reporter-output>
  <suite name="Default suite" duration-ms="4667" started-at="2021-02-08T16:42:26 IST" finished-at="2021-02-08T16:42:30 IST">
    <groups>
      <group name="cucumber">
        <method signature="KarateRunner.feature(cucumber.api.testng.CucumberFeatureWrapper)[pri:0, instance:tests.Runner1@2d8f65a4]" name="feature" class="com.intuit.karate.testng.KarateRunner"/>
      </group> <!-- cucumber -->
    </groups>
    <test name="Default test" duration-ms="4667" started-at="2021-02-08T16:42:26 IST" finished-at="2021-02-08T16:42:30 IST">
      <class name="tests.Runner1">
        <test-method status="PASS" signature="setUpClass()[pri:0, instance:tests.Runner1@2d8f65a4]" name="setUpClass" is-config="true" duration-ms="25" started-at="2021-02-08T16:42:26 IST" finished-at="2021-02-08T16:42:26 IST">
          <reporter-output>
          </reporter-output>
        </test-method> <!-- setUpClass -->
        <test-method status="PASS" signature="feature(cucumber.api.testng.CucumberFeatureWrapper)[pri:0, instance:tests.Runner1@2d8f65a4]" name="feature" duration-ms="2687" started-at="2021-02-08T16:42:26 IST" description="Runs Cucumber Feature" data-provider="features" finished-at="2021-02-08T16:42:29 IST">
          <params>
            <param index="0">
              <value>
                <![CDATA[get posts]]>
              </value>
            </param>
          </params>
          <reporter-output>
          </reporter-output>
        </test-method> <!-- feature -->
        <test-method status="FAIL" signature="feature(cucumber.api.testng.CucumberFeatureWrapper)[pri:0, instance:tests.Runner1@2d8f65a4]" name="feature" duration-ms="1819" started-at="2021-02-08T16:42:29 IST" description="Runs Cucumber Feature" data-provider="features" finished-at="2021-02-08T16:42:30 IST">
          <params>
            <param index="0">
              <value>
                <![CDATA[create new POST DDT]]>
              </value>
            </param>
          </params>
          <exception class="cucumber.runtime.CucumberException">
            <message>
              <![CDATA[com.intuit.karate.exception.KarateException: status code was: 201, expected: 200, response time: 594, url: https://jsonplaceholder.typicode.com/posts, response: {"userId":10,"id":101,"title":"wishes","body":"do singing in haven---Mr.Balu"}]]>
            </message>
            <full-stacktrace>
              <![CDATA[cucumber.runtime.CucumberException: com.intuit.karate.exception.KarateException: status code was: 201, expected: 200, response time: 594, url: https://jsonplaceholder.typicode.com/posts, response: {"userId":10,"id":101,"title":"wishes","body":"do singing in haven---Mr.Balu"}
at com.intuit.karate.testng.KarateRunner.feature(KarateRunner.java:59)
at sun.reflect.NativeMethodAccessorImpl.invoke0(Native Method)
at sun.reflect.NativeMethodAccessorImpl.invoke(NativeMethodAccessorImpl.java:62)
at sun.reflect.DelegatingMethodAccessorImpl.invoke(DelegatingMethodAccessorImpl.java:43)
at java.lang.reflect.Method.invoke(Method.java:498)
at org.testng.internal.MethodInvocationHelper.invokeMethod(MethodInvocationHelper.java:132)
at org.testng.internal.TestInvoker.invokeMethod(TestInvoker.java:599)
at org.testng.internal.TestInvoker.invokeTestMethod(TestInvoker.java:174)
at org.testng.internal.MethodRunner.runInSequence(MethodRunner.java:46)
at org.testng.internal.TestInvoker$MethodInvocationAgent.invoke(TestInvoker.java:822)
at org.testng.internal.TestInvoker.invokeTestMethods(TestInvoker.java:147)
at org.testng.internal.TestMethodWorker.invokeTestMethods(TestMethodWorker.java:146)
at org.testng.internal.TestMethodWorker.run(TestMethodWorker.java:128)
at java.util.ArrayList.forEach(ArrayList.java:1249)
at org.testng.TestRunner.privateRun(TestRunner.java:764)
at org.testng.TestRunner.run(TestRunner.java:585)
at org.testng.SuiteRunner.runTest(SuiteRunner.java:384)
at org.testng.SuiteRunner.runSequentially(SuiteRunner.java:378)
at org.testng.SuiteRunner.privateRun(SuiteRunner.java:337)
at org.testng.SuiteRunner.run(SuiteRunner.java:286)
at org.testng.SuiteRunnerWorker.runSuite(SuiteRunnerWorker.java:53)
at org.testng.SuiteRunnerWorker.run(SuiteRunnerWorker.java:96)
at org.testng.TestNG.runSuitesSequentially(TestNG.java:1218)
at org.testng.TestNG.runSuitesLocally(TestNG.java:1140)
at org.testng.TestNG.runSuites(TestNG.java:1069)
at org.testng.TestNG.run(TestNG.java:1037)
at org.testng.remote.AbstractRemoteTestNG.run(AbstractRemoteTestNG.java:115)
at org.testng.remote.RemoteTestNG.initAndRun(RemoteTestNG.java:251)
at org.testng.remote.RemoteTestNG.main(RemoteTestNG.java:77)
Caused by: com.intuit.karate.exception.KarateException: status code was: 201, expected: 200, response time: 594, url: https://jsonplaceholder.typicode.com/posts, response: {"userId":10,"id":101,"title":"wishes","body":"do singing in haven---Mr.Balu"}
at com.intuit.karate.StepDefs.status(StepDefs.java:491)
at âœ½.Then status 200(src\test\resources\features\feature2.feature:7)
]]>
            </full-stacktrace>
          </exception> <!-- cucumber.runtime.CucumberException -->
          <reporter-output>
          </reporter-output>
        </test-method> <!-- feature -->
        <test-method status="PASS" signature="tearDownClass()[pri:0, instance:tests.Runner1@2d8f65a4]" name="tearDownClass" is-config="true" duration-ms="37" started-at="2021-02-08T16:42:30 IST" finished-at="2021-02-08T16:42:30 IST">
          <reporter-output>
          </reporter-output>
        </test-method> <!-- tearDownClass -->
      </class> <!-- tests.Runner1 -->
    </test> <!-- Default test -->
  </suite> <!-- Default suite -->
</testng-results>
