<?xml version="1.0" encoding="UTF-8"?>
<!-- Generated by org.testng.reporters.JUnitReportReporter -->
<testsuite skipped="0" hostname="KALAMSIR-PC" name="tests.Runner1" tests="2" failures="0" timestamp="2021-02-08T16:42:31 IST" time="4.506" errors="1">
  <testcase name="feature" time="2.687" classname="tests.Runner1"/>
  <system-out/>
  <testcase name="feature" time="1.819" classname="tests.Runner1">
    <error type="cucumber.runtime.CucumberException" message="com.intuit.karate.exception.KarateException: status code was: 201, expected: 200, response time: 594, url: https://jsonplaceholder.typicode.com/posts, response: {&quot;userId&quot;:10,&quot;id&quot;:101,&quot;title&quot;:&quot;wishes&quot;,&quot;body&quot;:&quot;do singing in haven---Mr.Balu&quot;}">
      <![CDATA[cucumber.runtime.CucumberException: com.intuit.karate.exception.KarateException: status code was: 201, expected: 200, response time: 594, url: https://jsonplaceholder.typicode.com/posts, response: {"userId":10,"id":101,"title":"wishes","body":"do singing in haven---Mr.Balu"}
at com.intuit.karate.testng.KarateRunner.feature(KarateRunner.java:59)
at sun.reflect.NativeMethodAccessorImpl.invoke0(Native Method)
at sun.reflect.NativeMethodAccessorImpl.invoke(NativeMethodAccessorImpl.java:62)
at sun.reflect.DelegatingMethodAccessorImpl.invoke(DelegatingMethodAccessorImpl.java:43)
at java.lang.reflect.Method.invoke(Method.java:498)
at org.testng.internal.MethodInvocationHelper.invokeMethod(MethodInvocationHelper.java:132)
at org.testng.internal.TestInvoker.invokeMethod(TestInvoker.java:599)
at org.testng.internal.TestInvoker.invokeTestMethod(TestInvoker.java:174)
at org.testng.internal.MethodRunner.runInSequence(MethodRunner.java:46)
at org.testng.internal.TestInvoker$MethodInvocationAgent.invoke(TestInvoker.java:822)
at org.testng.internal.TestInvoker.invokeTestMethods(TestInvoker.java:147)
at org.testng.internal.TestMethodWorker.invokeTestMethods(TestMethodWorker.java:146)
at org.testng.internal.TestMethodWorker.run(TestMethodWorker.java:128)
at java.util.ArrayList.forEach(ArrayList.java:1249)
at org.testng.TestRunner.privateRun(TestRunner.java:764)
at org.testng.TestRunner.run(TestRunner.java:585)
at org.testng.SuiteRunner.runTest(SuiteRunner.java:384)
at org.testng.SuiteRunner.runSequentially(SuiteRunner.java:378)
at org.testng.SuiteRunner.privateRun(SuiteRunner.java:337)
at org.testng.SuiteRunner.run(SuiteRunner.java:286)
at org.testng.SuiteRunnerWorker.runSuite(SuiteRunnerWorker.java:53)
at org.testng.SuiteRunnerWorker.run(SuiteRunnerWorker.java:96)
at org.testng.TestNG.runSuitesSequentially(TestNG.java:1218)
at org.testng.TestNG.runSuitesLocally(TestNG.java:1140)
at org.testng.TestNG.runSuites(TestNG.java:1069)
at org.testng.TestNG.run(TestNG.java:1037)
at org.testng.remote.AbstractRemoteTestNG.run(AbstractRemoteTestNG.java:115)
at org.testng.remote.RemoteTestNG.initAndRun(RemoteTestNG.java:251)
at org.testng.remote.RemoteTestNG.main(RemoteTestNG.java:77)
Caused by: com.intuit.karate.exception.KarateException: status code was: 201, expected: 200, response time: 594, url: https://jsonplaceholder.typicode.com/posts, response: {"userId":10,"id":101,"title":"wishes","body":"do singing in haven---Mr.Balu"}
at com.intuit.karate.StepDefs.status(StepDefs.java:491)
at âœ½.Then status 200(src\test\resources\features\feature2.feature:7)
]]>
    </error>
  </testcase> <!-- feature -->
  <system-out/>
</testsuite> <!-- tests.Runner1 -->
